e:\thesis\rtklib_workspace\workspace\for_thesis\for_thesis\for_thesis\x64\debug\vc141.pdb
e:\thesis\rtklib_workspace\workspace\for_thesis\for_thesis\for_thesis\x64\debug\vc141.idb
e:\thesis\rtklib_workspace\workspace\for_thesis\for_thesis\for_thesis\x64\debug\binex.obj
e:\thesis\rtklib_workspace\workspace\for_thesis\for_thesis\for_thesis\x64\debug\rcvraw.obj
e:\thesis\rtklib_workspace\workspace\for_thesis\for_thesis\for_thesis\x64\debug\qzslex.obj
e:\thesis\rtklib_workspace\workspace\for_thesis\for_thesis\for_thesis\x64\debug\preceph.obj
e:\thesis\rtklib_workspace\workspace\for_thesis\for_thesis\for_thesis\x64\debug\ppp_corr.obj
e:\thesis\rtklib_workspace\workspace\for_thesis\for_thesis\for_thesis\x64\debug\ppp_ar.obj
e:\thesis\rtklib_workspace\workspace\for_thesis\for_thesis\for_thesis\x64\debug\ppp.obj
e:\thesis\rtklib_workspace\workspace\for_thesis\for_thesis\for_thesis\x64\debug\postpos.obj
e:\thesis\rtklib_workspace\workspace\for_thesis\for_thesis\for_thesis\x64\debug\pntpos.obj
e:\thesis\rtklib_workspace\workspace\for_thesis\for_thesis\for_thesis\x64\debug\options.obj
e:\thesis\rtklib_workspace\workspace\for_thesis\for_thesis\for_thesis\x64\debug\lambda.obj
e:\thesis\rtklib_workspace\workspace\for_thesis\for_thesis\for_thesis\x64\debug\ionex.obj
e:\thesis\rtklib_workspace\workspace\for_thesis\for_thesis\for_thesis\x64\debug\gis.obj
e:\thesis\rtklib_workspace\workspace\for_thesis\for_thesis\for_thesis\x64\debug\geoid.obj
e:\thesis\rtklib_workspace\workspace\for_thesis\for_thesis\for_thesis\x64\debug\ephemeris.obj
e:\thesis\rtklib_workspace\workspace\for_thesis\for_thesis\for_thesis\x64\debug\download.obj
e:\thesis\rtklib_workspace\workspace\for_thesis\for_thesis\for_thesis\x64\debug\datum.obj
e:\thesis\rtklib_workspace\workspace\for_thesis\for_thesis\for_thesis\x64\debug\convrnx.obj
e:\thesis\rtklib_workspace\workspace\for_thesis\for_thesis\for_thesis\x64\debug\convkml.obj
e:\thesis\rtklib_workspace\workspace\for_thesis\for_thesis\for_thesis\x64\debug\convgpx.obj
e:\thesis\rtklib_workspace\workspace\for_thesis\for_thesis\for_thesis\x64\debug\rtkpos.obj
e:\thesis\rtklib_workspace\workspace\for_thesis\for_thesis\for_thesis\x64\debug\rtkcmn.obj
e:\thesis\rtklib_workspace\workspace\for_thesis\for_thesis\for_thesis\x64\debug\rtcm3e.obj
e:\thesis\rtklib_workspace\workspace\for_thesis\for_thesis\for_thesis\x64\debug\rtcm3.obj
e:\thesis\rtklib_workspace\workspace\for_thesis\for_thesis\for_thesis\x64\debug\rtcm2.obj
e:\thesis\rtklib_workspace\workspace\for_thesis\for_thesis\for_thesis\x64\debug\rtcm.obj
e:\thesis\rtklib_workspace\workspace\for_thesis\for_thesis\for_thesis\x64\debug\rinex.obj
e:\thesis\rtklib_workspace\workspace\for_thesis\for_thesis\for_thesis\x64\debug\ublox.obj
e:\thesis\rtklib_workspace\workspace\for_thesis\for_thesis\for_thesis\x64\debug\tersus.obj
e:\thesis\rtklib_workspace\workspace\for_thesis\for_thesis\for_thesis\x64\debug\ss2.obj
e:\thesis\rtklib_workspace\workspace\for_thesis\for_thesis\for_thesis\x64\debug\skytraq.obj
e:\thesis\rtklib_workspace\workspace\for_thesis\for_thesis\for_thesis\x64\debug\septentrio.obj
e:\thesis\rtklib_workspace\workspace\for_thesis\for_thesis\for_thesis\x64\debug\rt17.obj
e:\thesis\rtklib_workspace\workspace\for_thesis\for_thesis\for_thesis\x64\debug\rcvlex.obj
e:\thesis\rtklib_workspace\workspace\for_thesis\for_thesis\for_thesis\x64\debug\nvs.obj
e:\thesis\rtklib_workspace\workspace\for_thesis\for_thesis\for_thesis\x64\debug\novatel.obj
e:\thesis\rtklib_workspace\workspace\for_thesis\for_thesis\for_thesis\x64\debug\javad.obj
e:\thesis\rtklib_workspace\workspace\for_thesis\for_thesis\for_thesis\x64\debug\gw10.obj
e:\thesis\rtklib_workspace\workspace\for_thesis\for_thesis\for_thesis\x64\debug\crescent.obj
e:\thesis\rtklib_workspace\workspace\for_thesis\for_thesis\for_thesis\x64\debug\cmr.obj
e:\thesis\rtklib_workspace\workspace\for_thesis\for_thesis\for_thesis\x64\debug\tle.obj
e:\thesis\rtklib_workspace\workspace\for_thesis\for_thesis\for_thesis\x64\debug\tides.obj
e:\thesis\rtklib_workspace\workspace\for_thesis\for_thesis\for_thesis\x64\debug\streamsvr.obj
e:\thesis\rtklib_workspace\workspace\for_thesis\for_thesis\for_thesis\x64\debug\stream.obj
e:\thesis\rtklib_workspace\workspace\for_thesis\for_thesis\for_thesis\x64\debug\solution.obj
e:\thesis\rtklib_workspace\workspace\for_thesis\for_thesis\for_thesis\x64\debug\sbas.obj
e:\thesis\rtklib_workspace\workspace\for_thesis\for_thesis\for_thesis\x64\debug\rtksvr.obj
e:\thesis\rtklib_workspace\workspace\for_thesis\for_thesis\for_thesis\x64\debug\rnx2rtkp.obj
e:\thesis\rtklib_workspace\workspace\for_thesis\for_thesis\for_thesis\x64\debug\demo_tropo.obj
e:\thesis\rtklib_workspace\workspace\for_thesis\for_thesis\for_thesis\x64\debug\main.obj
e:\thesis\rtklib_workspace\workspace\for_thesis\for_thesis\x64\debug\for_thesis.pdb
e:\thesis\rtklib_workspace\workspace\for_thesis\for_thesis\for_thesis\x64\debug\for_thesis.tlog\cl.command.1.tlog
e:\thesis\rtklib_workspace\workspace\for_thesis\for_thesis\for_thesis\x64\debug\for_thesis.tlog\cl.read.1.tlog
e:\thesis\rtklib_workspace\workspace\for_thesis\for_thesis\for_thesis\x64\debug\for_thesis.tlog\cl.write.1.tlog
e:\thesis\rtklib_workspace\workspace\for_thesis\for_thesis\for_thesis\x64\debug\for_thesis.tlog\link-cvtres.read.1.tlog
e:\thesis\rtklib_workspace\workspace\for_thesis\for_thesis\for_thesis\x64\debug\for_thesis.tlog\link-cvtres.write.1.tlog
e:\thesis\rtklib_workspace\workspace\for_thesis\for_thesis\for_thesis\x64\debug\for_thesis.tlog\link-rc.read.1.tlog
e:\thesis\rtklib_workspace\workspace\for_thesis\for_thesis\for_thesis\x64\debug\for_thesis.tlog\link-rc.write.1.tlog
e:\thesis\rtklib_workspace\workspace\for_thesis\for_thesis\for_thesis\x64\debug\for_thesis.tlog\link.17536-cvtres.read.1.tlog
e:\thesis\rtklib_workspace\workspace\for_thesis\for_thesis\for_thesis\x64\debug\for_thesis.tlog\link.17536-cvtres.write.1.tlog
e:\thesis\rtklib_workspace\workspace\for_thesis\for_thesis\for_thesis\x64\debug\for_thesis.tlog\link.17536-rc.read.1.tlog
e:\thesis\rtklib_workspace\workspace\for_thesis\for_thesis\for_thesis\x64\debug\for_thesis.tlog\link.17536-rc.write.1.tlog
e:\thesis\rtklib_workspace\workspace\for_thesis\for_thesis\for_thesis\x64\debug\for_thesis.tlog\link.17536.read.1.tlog
e:\thesis\rtklib_workspace\workspace\for_thesis\for_thesis\for_thesis\x64\debug\for_thesis.tlog\link.17536.write.1.tlog
e:\thesis\rtklib_workspace\workspace\for_thesis\for_thesis\for_thesis\x64\debug\for_thesis.tlog\link.command.1.tlog
e:\thesis\rtklib_workspace\workspace\for_thesis\for_thesis\for_thesis\x64\debug\for_thesis.tlog\link.read.1.tlog
e:\thesis\rtklib_workspace\workspace\for_thesis\for_thesis\for_thesis\x64\debug\for_thesis.tlog\link.write.1.tlog
